

[INFO ] 2017-06-06 17:40:23,732 method:org.springframework.web.servlet.FrameworkServlet.initServletBean(FrameworkServlet.java:489)
FrameworkServlet 'springmvc': initialization started


[INFO ] 2017-06-06 17:40:23,771 method:org.springframework.context.support.AbstractApplicationContext.prepareRefresh(AbstractApplicationContext.java:578)
Refreshing WebApplicationContext for namespace 'springmvc-servlet': startup date [Tue Jun 06 17:40:23 CST 2017]; root of context hierarchy


[INFO ] 2017-06-06 17:40:23,832 method:org.springframework.beans.factory.xml.XmlBeanDefinitionReader.loadBeanDefinitions(XmlBeanDefinitionReader.java:317)
Loading XML bean definitions from class path resource [spring/springmvc.xml]


[INFO ] 2017-06-06 17:40:24,434 method:
using logger: com.alibaba.dubbo.common.logger.log4j.Log4jLoggerAdapter


[INFO ] 2017-06-06 17:40:24,621 method:org.springframework.core.io.support.PropertiesLoaderSupport.loadProperties(PropertiesLoaderSupport.java:172)
Loading properties file from class path resource [conf/resource.properties]


[INFO ] 2017-06-06 17:40:24,631 method:org.springframework.beans.factory.annotation.AutowiredAnnotationBeanPostProcessor.<init>(AutowiredAnnotationBeanPostProcessor.java:153)
JSR-330 'javax.inject.Inject' annotation found and supported for autowiring


[INFO ] 2017-06-06 17:40:25,166 method:com.alibaba.dubbo.registry.support.AbstractRegistry.loadProperties(AbstractRegistry.java:232)
 [DUBBO] Load registry store file C:\Users\Administrator\.dubbo\dubbo-registry-192.168.25.129.cache, data: {com.e3mall.search.service.SearchItemService=empty://10.254.9.2:20882/com.e3mall.search.service.SearchItemService?anyhost=true&application=e3-search&category=configurators&check=false&dubbo=2.5.3&interface=com.e3mall.search.service.SearchItemService&methods=importItemsToIndex&pid=9984&side=provider&timeout=300000&timestamp=1496741961119, com.e3mall.search.service.SearchService=empty://10.254.9.2:20882/com.e3mall.search.service.SearchService?anyhost=true&application=e3-search&category=configurators&check=false&dubbo=2.5.3&interface=com.e3mall.search.service.SearchService&methods=search&pid=9984&side=provider&timeout=300000&timestamp=1496741962050, com.e3mall.service.ContentCategoryService=dubbo://192.168.110.29:20880/com.e3mall.service.ContentCategoryService?anyhost=true&application=e3-manager&dubbo=2.5.3&interface=com.e3mall.service.ContentCategoryService&methods=getContentCategoryList&pid=6132&side=provider&timeout=300000&timestamp=1496385071860 empty://192.168.110.29/com.e3mall.service.ContentCategoryService?application=e3-manager-web&category=configurators&dubbo=2.5.3&interface=com.e3mall.service.ContentCategoryService&methods=getContentCategoryList&pid=9316&revision=0.0.1-SNAPSHOT&side=consumer&timestamp=1496385082840 empty://192.168.110.29/com.e3mall.service.ContentCategoryService?application=e3-manager-web&category=routers&dubbo=2.5.3&interface=com.e3mall.service.ContentCategoryService&methods=getContentCategoryList&pid=9316&revision=0.0.1-SNAPSHOT&side=consumer&timestamp=1496385082840, com.e3mall.service.ItemService=empty://10.254.9.2:20880/com.e3mall.service.ItemService?anyhost=true&application=e3-manager&category=configurators&check=false&dubbo=2.5.3&interface=com.e3mall.service.ItemService&methods=updateInstockItems,getItemList,deleteItems,getItemDescById,addItem,updateReshelfItems,getItemById,updateItem&pid=6708&side=provider&timeout=300000&timestamp=1496741960335, com.e3mall.content.service.ContentCategoryService=dubbo://192.168.110.59:20881/com.e3mall.content.service.ContentCategoryService?anyhost=true&application=e3-content&dubbo=2.5.3&interface=com.e3mall.content.service.ContentCategoryService&methods=updateContentCategory,deleteContentCategory,addContentCategory,getContentCategoryList&pid=4568&side=provider&timeout=300000&timestamp=1496732413426 empty://192.168.110.59/com.e3mall.content.service.ContentCategoryService?application=e3-manager-web&category=configurators&dubbo=2.5.3&interface=com.e3mall.content.service.ContentCategoryService&methods=updateContentCategory,deleteContentCategory,addContentCategory,getContentCategoryList&pid=7872&revision=0.0.1-SNAPSHOT&side=consumer&timestamp=1496732437172 empty://192.168.110.59/com.e3mall.content.service.ContentCategoryService?application=e3-manager-web&category=routers&dubbo=2.5.3&interface=com.e3mall.content.service.ContentCategoryService&methods=updateContentCategory,deleteContentCategory,addContentCategory,getContentCategoryList&pid=7872&revision=0.0.1-SNAPSHOT&side=consumer&timestamp=1496732437172, com.e3mall.service.ItemCatService=empty://10.254.9.2:20880/com.e3mall.service.ItemCatService?anyhost=true&application=e3-manager&category=configurators&check=false&dubbo=2.5.3&interface=com.e3mall.service.ItemCatService&methods=getItemCatList&pid=6708&side=provider&timeout=300000&timestamp=1496741961360, com.e3mall.content.service.ContentService=dubbo://10.254.9.2:20881/com.e3mall.content.service.ContentService?anyhost=true&application=e3-content&dubbo=2.5.3&interface=com.e3mall.content.service.ContentService&methods=getContentList,addContent,getContentListByCategoryId,deleteContent,updateContent,getContentById&pid=12524&side=provider&timeout=300000&timestamp=1496741961330}, dubbo version: 2.5.3, current host: 127.0.0.1


[INFO ] 2017-06-06 17:40:25,190 method:org.I0Itec.zkclient.ZkEventThread.run(ZkEventThread.java:64)
Starting ZkClient event thread.


[INFO ] 2017-06-06 17:40:25,215 method:org.apache.zookeeper.Environment.logEnv(Environment.java:100)
Client environment:zookeeper.version=3.4.7-1713338, built on 11/09/2015 04:32 GMT


[INFO ] 2017-06-06 17:40:25,216 method:org.apache.zookeeper.Environment.logEnv(Environment.java:100)
Client environment:host.name=huangzh


[INFO ] 2017-06-06 17:40:25,216 method:org.apache.zookeeper.Environment.logEnv(Environment.java:100)
Client environment:java.version=1.7.0_79


[INFO ] 2017-06-06 17:40:25,217 method:org.apache.zookeeper.Environment.logEnv(Environment.java:100)
Client environment:java.vendor=Oracle Corporation


[INFO ] 2017-06-06 17:40:25,217 method:org.apache.zookeeper.Environment.logEnv(Environment.java:100)
Client environment:java.home=E:\develop\Java\jdk1.7.0_79\jre


[INFO ] 2017-06-06 17:40:25,217 method:org.apache.zookeeper.Environment.logEnv(Environment.java:100)
Client environment:java.class.path=E:\javaee\apache-maven-3.3.9-bin\apache-maven-3.3.9\boot\plexus-classworlds-2.5.2.jar


[INFO ] 2017-06-06 17:40:25,218 method:org.apache.zookeeper.Environment.logEnv(Environment.java:100)
Client environment:java.library.path=E:\develop\Java\jdk1.7.0_79\bin;C:\WINDOWS\Sun\Java\bin;C:\WINDOWS\system32;C:\WINDOWS;E:/develop/Java/jdk1.7.0_79/bin/../jre/bin/client;E:/develop/Java/jdk1.7.0_79/bin/../jre/bin;E:/develop/Java/jdk1.7.0_79/bin/../jre/lib/i386;E:\javaee\apache-maven-3.3.9-bin\apache-maven-3.3.9\bin;E:\develop\Java\jdk1.7.0_79\bin;C:\Program Files (x86)\NVIDIA Corporation\PhysX\Common;C:\WINDOWS\system32;C:\WINDOWS;C:\WINDOWS\System32\Wbem;C:\WINDOWS\System32\WindowsPowerShell\v1.0\;C:\Program Files (x86)\MySQL\MySQL Server 5.5\bin;E:\javaee\VanDyke Software\Clients\;E:\javaee\Subversion\bin;E:\javaee\TortoiseSVN\bin;E:\javaee\VisualSVN\bin;E:\javaee\Git\cmd;E:\javaee\TortoiseGit\bin;E:\javaee\eclipse\eclipse;;.


[INFO ] 2017-06-06 17:40:25,218 method:org.apache.zookeeper.Environment.logEnv(Environment.java:100)
Client environment:java.io.tmpdir=C:\Users\ADMINI~1\AppData\Local\Temp\


[INFO ] 2017-06-06 17:40:25,218 method:org.apache.zookeeper.Environment.logEnv(Environment.java:100)
Client environment:java.compiler=<NA>


[INFO ] 2017-06-06 17:40:25,219 method:org.apache.zookeeper.Environment.logEnv(Environment.java:100)
Client environment:os.name=Windows 7


[INFO ] 2017-06-06 17:40:25,220 method:org.apache.zookeeper.Environment.logEnv(Environment.java:100)
Client environment:os.arch=x86


[INFO ] 2017-06-06 17:40:25,220 method:org.apache.zookeeper.Environment.logEnv(Environment.java:100)
Client environment:os.version=6.1


[INFO ] 2017-06-06 17:40:25,221 method:org.apache.zookeeper.Environment.logEnv(Environment.java:100)
Client environment:user.name=Administrator


[INFO ] 2017-06-06 17:40:25,221 method:org.apache.zookeeper.Environment.logEnv(Environment.java:100)
Client environment:user.home=C:\Users\Administrator


[INFO ] 2017-06-06 17:40:25,221 method:org.apache.zookeeper.Environment.logEnv(Environment.java:100)
Client environment:user.dir=F:\study\e3mall\e3mall\git\e3-search-web


[INFO ] 2017-06-06 17:40:25,223 method:org.apache.zookeeper.ZooKeeper.<init>(ZooKeeper.java:438)
Initiating client connection, connectString=192.168.25.129:2181 sessionTimeout=30000 watcher=org.I0Itec.zkclient.ZkClient@1e343f2


[INFO ] 2017-06-06 17:40:25,267 method:org.apache.zookeeper.ClientCnxn$SendThread.logStartConnect(ClientCnxn.java:1032)
Opening socket connection to server 192.168.25.129/192.168.25.129:2181. Will not attempt to authenticate using SASL (unknown error)


[INFO ] 2017-06-06 17:40:25,271 method:org.apache.zookeeper.ClientCnxn$SendThread.primeConnection(ClientCnxn.java:876)
Socket connection established to 192.168.25.129/192.168.25.129:2181, initiating session


[INFO ] 2017-06-06 17:40:25,305 method:org.apache.zookeeper.ClientCnxn$SendThread.onConnected(ClientCnxn.java:1299)
Session establishment complete on server 192.168.25.129/192.168.25.129:2181, sessionid = 0x15c7de8db97000a, negotiated timeout = 30000


[INFO ] 2017-06-06 17:40:25,309 method:org.I0Itec.zkclient.ZkClient.processStateChanged(ZkClient.java:449)
zookeeper state changed (SyncConnected)


[INFO ] 2017-06-06 17:40:25,369 method:com.alibaba.dubbo.registry.support.AbstractRegistry.register(AbstractRegistry.java:302)
 [DUBBO] Register: consumer://10.254.9.2/com.e3mall.search.service.SearchService?application=e3-search-web&category=consumers&check=false&dubbo=2.5.3&interface=com.e3mall.search.service.SearchService&methods=search&pid=12728&revision=0.0.1-SNAPSHOT&side=consumer&timestamp=1496742025059, dubbo version: 2.5.3, current host: 10.254.9.2


[INFO ] 2017-06-06 17:40:25,413 method:com.alibaba.dubbo.registry.support.AbstractRegistry.subscribe(AbstractRegistry.java:325)
 [DUBBO] Subscribe: consumer://10.254.9.2/com.e3mall.search.service.SearchService?application=e3-search-web&category=providers,configurators,routers&dubbo=2.5.3&interface=com.e3mall.search.service.SearchService&methods=search&pid=12728&revision=0.0.1-SNAPSHOT&side=consumer&timestamp=1496742025059, dubbo version: 2.5.3, current host: 10.254.9.2


[INFO ] 2017-06-06 17:40:25,455 method:com.alibaba.dubbo.registry.support.AbstractRegistry.notify(AbstractRegistry.java:422)
 [DUBBO] Notify urls for subscribe url consumer://10.254.9.2/com.e3mall.search.service.SearchService?application=e3-search-web&category=providers,configurators,routers&dubbo=2.5.3&interface=com.e3mall.search.service.SearchService&methods=search&pid=12728&revision=0.0.1-SNAPSHOT&side=consumer&timestamp=1496742025059, urls: [dubbo://10.254.9.2:20882/com.e3mall.search.service.SearchService?anyhost=true&application=e3-search&dubbo=2.5.3&interface=com.e3mall.search.service.SearchService&methods=search&pid=9984&side=provider&timeout=300000&timestamp=1496741962050, empty://10.254.9.2/com.e3mall.search.service.SearchService?application=e3-search-web&category=configurators&dubbo=2.5.3&interface=com.e3mall.search.service.SearchService&methods=search&pid=12728&revision=0.0.1-SNAPSHOT&side=consumer&timestamp=1496742025059, empty://10.254.9.2/com.e3mall.search.service.SearchService?application=e3-search-web&category=routers&dubbo=2.5.3&interface=com.e3mall.search.service.SearchService&methods=search&pid=12728&revision=0.0.1-SNAPSHOT&side=consumer&timestamp=1496742025059], dubbo version: 2.5.3, current host: 10.254.9.2


[INFO ] 2017-06-06 17:40:25,827 method:com.alibaba.dubbo.remoting.transport.AbstractClient.connect(AbstractClient.java:287)
 [DUBBO] Successed connect to server /10.254.9.2:20882 from NettyClient 10.254.9.2 using dubbo version 2.5.3, channel is NettyChannel [channel=[id: 0x7b1dfdc0, /10.254.9.2:54153 => /10.254.9.2:20882]], dubbo version: 2.5.3, current host: 10.254.9.2


[INFO ] 2017-06-06 17:40:25,828 method:com.alibaba.dubbo.remoting.transport.AbstractClient.<init>(AbstractClient.java:105)
 [DUBBO] Start NettyClient huangzh/10.254.9.2 connect to the server /10.254.9.2:20882, dubbo version: 2.5.3, current host: 10.254.9.2


[INFO ] 2017-06-06 17:40:25,926 method:com.alibaba.dubbo.config.ReferenceConfig.createProxy(ReferenceConfig.java:423)
 [DUBBO] Refer dubbo service com.e3mall.search.service.SearchService from url zookeeper://192.168.25.129:2181/com.alibaba.dubbo.registry.RegistryService?anyhost=true&application=e3-search-web&check=false&dubbo=2.5.3&interface=com.e3mall.search.service.SearchService&methods=search&pid=12728&revision=0.0.1-SNAPSHOT&side=consumer&timeout=300000&timestamp=1496742025059, dubbo version: 2.5.3, current host: 10.254.9.2


[INFO ] 2017-06-06 17:40:26,294 method:org.springframework.web.servlet.handler.AbstractHandlerMethodMapping$MappingRegistry.register(AbstractHandlerMethodMapping.java:527)
Mapped "{[/search]}" onto public java.lang.String com.e3mall.search.controller.SearchController.search(java.lang.String,java.lang.Integer,org.springframework.ui.Model) throws java.lang.Exception


[INFO ] 2017-06-06 17:40:26,810 method:org.springframework.web.servlet.mvc.method.annotation.RequestMappingHandlerAdapter.initControllerAdviceCache(RequestMappingHandlerAdapter.java:532)
Looking for @ControllerAdvice: WebApplicationContext for namespace 'springmvc-servlet': startup date [Tue Jun 06 17:40:23 CST 2017]; root of context hierarchy


[INFO ] 2017-06-06 17:40:26,923 method:org.springframework.web.servlet.mvc.method.annotation.RequestMappingHandlerAdapter.initControllerAdviceCache(RequestMappingHandlerAdapter.java:532)
Looking for @ControllerAdvice: WebApplicationContext for namespace 'springmvc-servlet': startup date [Tue Jun 06 17:40:23 CST 2017]; root of context hierarchy


[INFO ] 2017-06-06 17:40:27,107 method:org.springframework.web.servlet.FrameworkServlet.initServletBean(FrameworkServlet.java:508)
FrameworkServlet 'springmvc': initialization completed in 3370 ms


[INFO ] 2017-06-06 17:41:41,239 method:com.e3mall.search.exception.GlobalExceptionReslover.resolveException(GlobalExceptionReslover.java:19)
进入全局异常处理器。。。


[ERROR] 2017-06-06 17:41:41,245 method:com.e3mall.search.exception.GlobalExceptionReslover.resolveException(GlobalExceptionReslover.java:24)
系统异常
java.lang.ArithmeticException: / by zero
	at com.e3mall.search.controller.SearchController.search(SearchController.java:42)
	at sun.reflect.NativeMethodAccessorImpl.invoke0(Native Method)
	at sun.reflect.NativeMethodAccessorImpl.invoke(NativeMethodAccessorImpl.java:57)
	at sun.reflect.DelegatingMethodAccessorImpl.invoke(DelegatingMethodAccessorImpl.java:43)
	at java.lang.reflect.Method.invoke(Method.java:606)
	at org.springframework.web.method.support.InvocableHandlerMethod.doInvoke(InvocableHandlerMethod.java:222)
	at org.springframework.web.method.support.InvocableHandlerMethod.invokeForRequest(InvocableHandlerMethod.java:137)
	at org.springframework.web.servlet.mvc.method.annotation.ServletInvocableHandlerMethod.invokeAndHandle(ServletInvocableHandlerMethod.java:110)
	at org.springframework.web.servlet.mvc.method.annotation.RequestMappingHandlerAdapter.invokeHandlerMethod(RequestMappingHandlerAdapter.java:814)
	at org.springframework.web.servlet.mvc.method.annotation.RequestMappingHandlerAdapter.handleInternal(RequestMappingHandlerAdapter.java:737)
	at org.springframework.web.servlet.mvc.method.AbstractHandlerMethodAdapter.handle(AbstractHandlerMethodAdapter.java:85)
	at org.springframework.web.servlet.DispatcherServlet.doDispatch(DispatcherServlet.java:959)
	at org.springframework.web.servlet.DispatcherServlet.doService(DispatcherServlet.java:893)
	at org.springframework.web.servlet.FrameworkServlet.processRequest(FrameworkServlet.java:969)
	at org.springframework.web.servlet.FrameworkServlet.doGet(FrameworkServlet.java:860)
	at javax.servlet.http.HttpServlet.service(HttpServlet.java:621)
	at org.springframework.web.servlet.FrameworkServlet.service(FrameworkServlet.java:845)
	at javax.servlet.http.HttpServlet.service(HttpServlet.java:728)
	at org.apache.catalina.core.ApplicationFilterChain.internalDoFilter(ApplicationFilterChain.java:305)
	at org.apache.catalina.core.ApplicationFilterChain.doFilter(ApplicationFilterChain.java:210)
	at org.apache.tomcat.websocket.server.WsFilter.doFilter(WsFilter.java:51)
	at org.apache.catalina.core.ApplicationFilterChain.internalDoFilter(ApplicationFilterChain.java:243)
	at org.apache.catalina.core.ApplicationFilterChain.doFilter(ApplicationFilterChain.java:210)
	at org.springframework.web.filter.CharacterEncodingFilter.doFilterInternal(CharacterEncodingFilter.java:121)
	at org.springframework.web.filter.OncePerRequestFilter.doFilter(OncePerRequestFilter.java:107)
	at org.apache.catalina.core.ApplicationFilterChain.internalDoFilter(ApplicationFilterChain.java:243)
	at org.apache.catalina.core.ApplicationFilterChain.doFilter(ApplicationFilterChain.java:210)
	at org.apache.catalina.core.StandardWrapperValve.invoke(StandardWrapperValve.java:222)
	at org.apache.catalina.core.StandardContextValve.invoke(StandardContextValve.java:123)
	at org.apache.catalina.authenticator.AuthenticatorBase.invoke(AuthenticatorBase.java:502)
	at org.apache.catalina.core.StandardHostValve.invoke(StandardHostValve.java:171)
	at org.apache.catalina.valves.ErrorReportValve.invoke(ErrorReportValve.java:100)
	at org.apache.catalina.valves.AccessLogValve.invoke(AccessLogValve.java:953)
	at org.apache.catalina.core.StandardEngineValve.invoke(StandardEngineValve.java:118)
	at org.apache.catalina.connector.CoyoteAdapter.service(CoyoteAdapter.java:408)
	at org.apache.coyote.http11.AbstractHttp11Processor.process(AbstractHttp11Processor.java:1041)
	at org.apache.coyote.AbstractProtocol$AbstractConnectionHandler.process(AbstractProtocol.java:603)
	at org.apache.tomcat.util.net.JIoEndpoint$SocketProcessor.run(JIoEndpoint.java:310)
	at java.util.concurrent.ThreadPoolExecutor.runWorker(ThreadPoolExecutor.java:1145)
	at java.util.concurrent.ThreadPoolExecutor$Worker.run(ThreadPoolExecutor.java:615)
	at java.lang.Thread.run(Thread.java:745)
